{"F:\\node_project\\chat-app\\src\\index.js": {"path":"F:\\node_project\\chat-app\\src\\index.js","statementMap":{"0":{"start":{"line":8,"column":0},"end":{"line":8,"column":12}},"1":{"start":{"line":9,"column":12},"end":{"line":9,"column":21}},"2":{"start":{"line":11,"column":0},"end":{"line":11,"column":18}},"3":{"start":{"line":13,"column":0},"end":{"line":13,"column":23}},"4":{"start":{"line":14,"column":0},"end":{"line":14,"column":32}},"5":{"start":{"line":15,"column":0},"end":{"line":15,"column":33}},"6":{"start":{"line":16,"column":0},"end":{"line":16,"column":35}}},"fnMap":{},"branchMap":{},"s":{"0":2,"1":2,"2":2,"3":2,"4":2,"5":2,"6":2},"f":{},"b":{},"_coverageSchema":"1a1c01bbd47fc00a2c39e90264f33305004495a9","hash":"f5d446a3fcc64362b6c61442c2a67b1cda4c1b0f"}
,"F:\\node_project\\chat-app\\src\\config\\dbConfig.js": {"path":"F:\\node_project\\chat-app\\src\\config\\dbConfig.js","statementMap":{"0":{"start":{"line":3,"column":0},"end":{"line":3,"column":12}},"1":{"start":{"line":6,"column":28},"end":{"line":13,"column":1}},"2":{"start":{"line":7,"column":4},"end":{"line":11,"column":5}},"3":{"start":{"line":8,"column":8},"end":{"line":10,"column":55}},"4":{"start":{"line":9,"column":26},"end":{"line":9,"column":58}},"5":{"start":{"line":10,"column":28},"end":{"line":10,"column":54}}},"fnMap":{"0":{"name":"(anonymous_0)","decl":{"start":{"line":6,"column":28},"end":{"line":6,"column":29}},"loc":{"start":{"line":6,"column":40},"end":{"line":13,"column":1}},"line":6},"1":{"name":"(anonymous_1)","decl":{"start":{"line":9,"column":18},"end":{"line":9,"column":19}},"loc":{"start":{"line":9,"column":26},"end":{"line":9,"column":58}},"line":9},"2":{"name":"(anonymous_2)","decl":{"start":{"line":10,"column":19},"end":{"line":10,"column":20}},"loc":{"start":{"line":10,"column":28},"end":{"line":10,"column":54}},"line":10}},"branchMap":{"0":{"loc":{"start":{"line":7,"column":4},"end":{"line":11,"column":5}},"type":"if","locations":[{"start":{"line":7,"column":4},"end":{"line":11,"column":5}},{"start":{},"end":{}}],"line":7}},"s":{"0":2,"1":2,"2":2,"3":0,"4":0,"5":0},"f":{"0":2,"1":0,"2":0},"b":{"0":[0,2]},"_coverageSchema":"1a1c01bbd47fc00a2c39e90264f33305004495a9","hash":"63d5c696265b0b8ecdeb1c0591f94fec234b8c92"}
,"F:\\node_project\\chat-app\\src\\controllers\\group-controller.js": {"path":"F:\\node_project\\chat-app\\src\\controllers\\group-controller.js","statementMap":{"0":{"start":{"line":7,"column":32},"end":{"line":11,"column":1}},"1":{"start":{"line":8,"column":22},"end":{"line":8,"column":75}},"2":{"start":{"line":9,"column":4},"end":{"line":9,"column":26}},"3":{"start":{"line":10,"column":4},"end":{"line":10,"column":26}},"4":{"start":{"line":16,"column":27},"end":{"line":29,"column":1}},"5":{"start":{"line":17,"column":4},"end":{"line":28,"column":5}},"6":{"start":{"line":18,"column":24},"end":{"line":18,"column":81}},"7":{"start":{"line":19,"column":8},"end":{"line":21,"column":9}},"8":{"start":{"line":20,"column":12},"end":{"line":20,"column":81}},"9":{"start":{"line":22,"column":28},"end":{"line":22,"column":61}},"10":{"start":{"line":23,"column":8},"end":{"line":23,"column":32}},"11":{"start":{"line":24,"column":8},"end":{"line":24,"column":77}},"12":{"start":{"line":27,"column":8},"end":{"line":27,"column":58}},"13":{"start":{"line":34,"column":28},"end":{"line":54,"column":1}},"14":{"start":{"line":35,"column":4},"end":{"line":53,"column":5}},"15":{"start":{"line":36,"column":36},"end":{"line":36,"column":44}},"16":{"start":{"line":37,"column":24},"end":{"line":40,"column":10}},"17":{"start":{"line":41,"column":8},"end":{"line":43,"column":9}},"18":{"start":{"line":42,"column":12},"end":{"line":42,"column":91}},"19":{"start":{"line":44,"column":22},"end":{"line":48,"column":10}},"20":{"start":{"line":49,"column":8},"end":{"line":49,"column":79}},"21":{"start":{"line":52,"column":8},"end":{"line":52,"column":58}},"22":{"start":{"line":59,"column":33},"end":{"line":78,"column":1}},"23":{"start":{"line":60,"column":4},"end":{"line":77,"column":5}},"24":{"start":{"line":61,"column":45},"end":{"line":61,"column":53}},"25":{"start":{"line":62,"column":24},"end":{"line":62,"column":94}},"26":{"start":{"line":63,"column":8},"end":{"line":65,"column":9}},"27":{"start":{"line":64,"column":12},"end":{"line":64,"column":96}},"28":{"start":{"line":66,"column":30},"end":{"line":72,"column":10}},"29":{"start":{"line":73,"column":8},"end":{"line":73,"column":88}},"30":{"start":{"line":76,"column":8},"end":{"line":76,"column":58}},"31":{"start":{"line":83,"column":27},"end":{"line":99,"column":1}},"32":{"start":{"line":84,"column":4},"end":{"line":98,"column":5}},"33":{"start":{"line":85,"column":28},"end":{"line":85,"column":37}},"34":{"start":{"line":86,"column":8},"end":{"line":88,"column":9}},"35":{"start":{"line":87,"column":12},"end":{"line":87,"column":80}},"36":{"start":{"line":89,"column":28},"end":{"line":89,"column":67}},"37":{"start":{"line":90,"column":8},"end":{"line":90,"column":32}},"38":{"start":{"line":91,"column":8},"end":{"line":93,"column":9}},"39":{"start":{"line":92,"column":12},"end":{"line":92,"column":91}},"40":{"start":{"line":94,"column":8},"end":{"line":94,"column":75}},"41":{"start":{"line":97,"column":8},"end":{"line":97,"column":58}}},"fnMap":{"0":{"name":"(anonymous_0)","decl":{"start":{"line":7,"column":32},"end":{"line":7,"column":33}},"loc":{"start":{"line":7,"column":52},"end":{"line":11,"column":1}},"line":7},"1":{"name":"(anonymous_1)","decl":{"start":{"line":16,"column":27},"end":{"line":16,"column":28}},"loc":{"start":{"line":16,"column":47},"end":{"line":29,"column":1}},"line":16},"2":{"name":"(anonymous_2)","decl":{"start":{"line":34,"column":28},"end":{"line":34,"column":29}},"loc":{"start":{"line":34,"column":48},"end":{"line":54,"column":1}},"line":34},"3":{"name":"(anonymous_3)","decl":{"start":{"line":59,"column":33},"end":{"line":59,"column":34}},"loc":{"start":{"line":59,"column":53},"end":{"line":78,"column":1}},"line":59},"4":{"name":"(anonymous_4)","decl":{"start":{"line":83,"column":27},"end":{"line":83,"column":28}},"loc":{"start":{"line":83,"column":47},"end":{"line":99,"column":1}},"line":83}},"branchMap":{"0":{"loc":{"start":{"line":19,"column":8},"end":{"line":21,"column":9}},"type":"if","locations":[{"start":{"line":19,"column":8},"end":{"line":21,"column":9}},{"start":{},"end":{}}],"line":19},"1":{"loc":{"start":{"line":41,"column":8},"end":{"line":43,"column":9}},"type":"if","locations":[{"start":{"line":41,"column":8},"end":{"line":43,"column":9}},{"start":{},"end":{}}],"line":41},"2":{"loc":{"start":{"line":63,"column":8},"end":{"line":65,"column":9}},"type":"if","locations":[{"start":{"line":63,"column":8},"end":{"line":65,"column":9}},{"start":{},"end":{}}],"line":63},"3":{"loc":{"start":{"line":86,"column":8},"end":{"line":88,"column":9}},"type":"if","locations":[{"start":{"line":86,"column":8},"end":{"line":88,"column":9}},{"start":{},"end":{}}],"line":86},"4":{"loc":{"start":{"line":91,"column":8},"end":{"line":93,"column":9}},"type":"if","locations":[{"start":{"line":91,"column":8},"end":{"line":93,"column":9}},{"start":{},"end":{}}],"line":91}},"s":{"0":2,"1":0,"2":0,"3":0,"4":2,"5":1,"6":1,"7":1,"8":0,"9":1,"10":1,"11":1,"12":0,"13":2,"14":0,"15":0,"16":0,"17":0,"18":0,"19":0,"20":0,"21":0,"22":2,"23":0,"24":0,"25":0,"26":0,"27":0,"28":0,"29":0,"30":0,"31":2,"32":1,"33":1,"34":1,"35":0,"36":1,"37":1,"38":1,"39":0,"40":1,"41":0},"f":{"0":0,"1":1,"2":0,"3":0,"4":1},"b":{"0":[0,1],"1":[0,0],"2":[0,0],"3":[0,1],"4":[0,1]},"_coverageSchema":"1a1c01bbd47fc00a2c39e90264f33305004495a9","hash":"2751c37cf5b30dee7772d4fc14168290c46e2f50"}
,"F:\\node_project\\chat-app\\src\\controllers\\message-controller.js": {"path":"F:\\node_project\\chat-app\\src\\controllers\\message-controller.js","statementMap":{"0":{"start":{"line":9,"column":30},"end":{"line":40,"column":1}},"1":{"start":{"line":10,"column":4},"end":{"line":39,"column":5}},"2":{"start":{"line":12,"column":8},"end":{"line":14,"column":9}},"3":{"start":{"line":13,"column":12},"end":{"line":13,"column":62}},"4":{"start":{"line":15,"column":41},"end":{"line":15,"column":50}},"5":{"start":{"line":17,"column":24},"end":{"line":33,"column":10}},"6":{"start":{"line":34,"column":8},"end":{"line":34,"column":28}},"7":{"start":{"line":35,"column":8},"end":{"line":35,"column":78}},"8":{"start":{"line":38,"column":8},"end":{"line":38,"column":58}},"9":{"start":{"line":45,"column":40},"end":{"line":68,"column":1}},"10":{"start":{"line":46,"column":4},"end":{"line":67,"column":5}},"11":{"start":{"line":48,"column":8},"end":{"line":50,"column":9}},"12":{"start":{"line":49,"column":12},"end":{"line":49,"column":62}},"13":{"start":{"line":52,"column":24},"end":{"line":54,"column":10}},"14":{"start":{"line":55,"column":8},"end":{"line":57,"column":9}},"15":{"start":{"line":56,"column":12},"end":{"line":56,"column":73}},"16":{"start":{"line":58,"column":24},"end":{"line":61,"column":93}},"17":{"start":{"line":61,"column":26},"end":{"line":61,"column":92}},"18":{"start":{"line":61,"column":46},"end":{"line":61,"column":91}},"19":{"start":{"line":63,"column":8},"end":{"line":63,"column":96}},"20":{"start":{"line":66,"column":8},"end":{"line":66,"column":58}},"21":{"start":{"line":73,"column":42},"end":{"line":220,"column":1}},"22":{"start":{"line":74,"column":4},"end":{"line":219,"column":5}},"23":{"start":{"line":76,"column":8},"end":{"line":78,"column":9}},"24":{"start":{"line":77,"column":12},"end":{"line":77,"column":75}},"25":{"start":{"line":79,"column":23},"end":{"line":79,"column":68}},"26":{"start":{"line":80,"column":32},"end":{"line":147,"column":10}},"27":{"start":{"line":149,"column":37},"end":{"line":208,"column":10}},"28":{"start":{"line":209,"column":30},"end":{"line":209,"column":75}},"29":{"start":{"line":210,"column":8},"end":{"line":212,"column":10}},"30":{"start":{"line":211,"column":12},"end":{"line":211,"column":44}},"31":{"start":{"line":214,"column":8},"end":{"line":214,"column":103}},"32":{"start":{"line":218,"column":8},"end":{"line":218,"column":58}},"33":{"start":{"line":226,"column":35},"end":{"line":261,"column":1}},"34":{"start":{"line":228,"column":4},"end":{"line":260,"column":5}},"35":{"start":{"line":230,"column":41},"end":{"line":230,"column":50}},"36":{"start":{"line":232,"column":25},"end":{"line":249,"column":10}},"37":{"start":{"line":250,"column":8},"end":{"line":253,"column":10}},"38":{"start":{"line":251,"column":12},"end":{"line":251,"column":33}},"39":{"start":{"line":252,"column":12},"end":{"line":252,"column":25}},"40":{"start":{"line":255,"column":8},"end":{"line":255,"column":90}},"41":{"start":{"line":259,"column":8},"end":{"line":259,"column":58}},"42":{"start":{"line":266,"column":51},"end":{"line":336,"column":1}},"43":{"start":{"line":267,"column":4},"end":{"line":335,"column":5}},"44":{"start":{"line":269,"column":8},"end":{"line":271,"column":9}},"45":{"start":{"line":270,"column":12},"end":{"line":270,"column":75}},"46":{"start":{"line":272,"column":27},"end":{"line":272,"column":36}},"47":{"start":{"line":273,"column":32},"end":{"line":280,"column":10}},"48":{"start":{"line":281,"column":28},"end":{"line":281,"column":30}},"49":{"start":{"line":283,"column":8},"end":{"line":296,"column":10}},"50":{"start":{"line":284,"column":23},"end":{"line":284,"column":106}},"51":{"start":{"line":285,"column":30},"end":{"line":285,"column":50}},"52":{"start":{"line":286,"column":12},"end":{"line":294,"column":13}},"53":{"start":{"line":287,"column":16},"end":{"line":287,"column":87}},"54":{"start":{"line":288,"column":16},"end":{"line":288,"column":61}},"55":{"start":{"line":289,"column":16},"end":{"line":289,"column":61}},"56":{"start":{"line":293,"column":16},"end":{"line":293,"column":190}},"57":{"start":{"line":299,"column":37},"end":{"line":311,"column":10}},"58":{"start":{"line":313,"column":33},"end":{"line":313,"column":35}},"59":{"start":{"line":314,"column":8},"end":{"line":324,"column":10}},"60":{"start":{"line":315,"column":30},"end":{"line":315,"column":89}},"61":{"start":{"line":316,"column":12},"end":{"line":323,"column":13}},"62":{"start":{"line":317,"column":16},"end":{"line":317,"column":92}},"63":{"start":{"line":318,"column":16},"end":{"line":318,"column":149}},"64":{"start":{"line":319,"column":16},"end":{"line":319,"column":92}},"65":{"start":{"line":322,"column":16},"end":{"line":322,"column":219}},"66":{"start":{"line":327,"column":30},"end":{"line":327,"column":97}},"67":{"start":{"line":328,"column":8},"end":{"line":330,"column":10}},"68":{"start":{"line":329,"column":12},"end":{"line":329,"column":44}},"69":{"start":{"line":331,"column":8},"end":{"line":331,"column":103}},"70":{"start":{"line":334,"column":8},"end":{"line":334,"column":58}}},"fnMap":{"0":{"name":"(anonymous_0)","decl":{"start":{"line":9,"column":30},"end":{"line":9,"column":31}},"loc":{"start":{"line":9,"column":50},"end":{"line":40,"column":1}},"line":9},"1":{"name":"(anonymous_1)","decl":{"start":{"line":45,"column":40},"end":{"line":45,"column":41}},"loc":{"start":{"line":45,"column":60},"end":{"line":68,"column":1}},"line":45},"2":{"name":"(anonymous_2)","decl":{"start":{"line":61,"column":18},"end":{"line":61,"column":19}},"loc":{"start":{"line":61,"column":26},"end":{"line":61,"column":92}},"line":61},"3":{"name":"(anonymous_3)","decl":{"start":{"line":61,"column":38},"end":{"line":61,"column":39}},"loc":{"start":{"line":61,"column":46},"end":{"line":61,"column":91}},"line":61},"4":{"name":"(anonymous_4)","decl":{"start":{"line":73,"column":42},"end":{"line":73,"column":43}},"loc":{"start":{"line":73,"column":62},"end":{"line":220,"column":1}},"line":73},"5":{"name":"(anonymous_5)","decl":{"start":{"line":210,"column":27},"end":{"line":210,"column":28}},"loc":{"start":{"line":210,"column":37},"end":{"line":212,"column":9}},"line":210},"6":{"name":"(anonymous_6)","decl":{"start":{"line":226,"column":35},"end":{"line":226,"column":36}},"loc":{"start":{"line":226,"column":55},"end":{"line":261,"column":1}},"line":226},"7":{"name":"(anonymous_7)","decl":{"start":{"line":250,"column":21},"end":{"line":250,"column":22}},"loc":{"start":{"line":250,"column":33},"end":{"line":253,"column":9}},"line":250},"8":{"name":"(anonymous_8)","decl":{"start":{"line":266,"column":51},"end":{"line":266,"column":52}},"loc":{"start":{"line":266,"column":71},"end":{"line":336,"column":1}},"line":266},"9":{"name":"(anonymous_9)","decl":{"start":{"line":283,"column":32},"end":{"line":283,"column":33}},"loc":{"start":{"line":283,"column":42},"end":{"line":296,"column":9}},"line":283},"10":{"name":"(anonymous_10)","decl":{"start":{"line":314,"column":37},"end":{"line":314,"column":38}},"loc":{"start":{"line":314,"column":45},"end":{"line":324,"column":9}},"line":314},"11":{"name":"(anonymous_11)","decl":{"start":{"line":328,"column":27},"end":{"line":328,"column":28}},"loc":{"start":{"line":328,"column":37},"end":{"line":330,"column":9}},"line":328}},"branchMap":{"0":{"loc":{"start":{"line":12,"column":8},"end":{"line":14,"column":9}},"type":"if","locations":[{"start":{"line":12,"column":8},"end":{"line":14,"column":9}},{"start":{},"end":{}}],"line":12},"1":{"loc":{"start":{"line":48,"column":8},"end":{"line":50,"column":9}},"type":"if","locations":[{"start":{"line":48,"column":8},"end":{"line":50,"column":9}},{"start":{},"end":{}}],"line":48},"2":{"loc":{"start":{"line":55,"column":8},"end":{"line":57,"column":9}},"type":"if","locations":[{"start":{"line":55,"column":8},"end":{"line":57,"column":9}},{"start":{},"end":{}}],"line":55},"3":{"loc":{"start":{"line":76,"column":8},"end":{"line":78,"column":9}},"type":"if","locations":[{"start":{"line":76,"column":8},"end":{"line":78,"column":9}},{"start":{},"end":{}}],"line":76},"4":{"loc":{"start":{"line":269,"column":8},"end":{"line":271,"column":9}},"type":"if","locations":[{"start":{"line":269,"column":8},"end":{"line":271,"column":9}},{"start":{},"end":{}}],"line":269},"5":{"loc":{"start":{"line":285,"column":30},"end":{"line":285,"column":50}},"type":"cond-expr","locations":[{"start":{"line":285,"column":45},"end":{"line":285,"column":46}},{"start":{"line":285,"column":49},"end":{"line":285,"column":50}}],"line":285},"6":{"loc":{"start":{"line":286,"column":12},"end":{"line":294,"column":13}},"type":"if","locations":[{"start":{"line":286,"column":12},"end":{"line":294,"column":13}},{"start":{"line":292,"column":17},"end":{"line":294,"column":13}}],"line":286},"7":{"loc":{"start":{"line":315,"column":30},"end":{"line":315,"column":89}},"type":"cond-expr","locations":[{"start":{"line":315,"column":84},"end":{"line":315,"column":85}},{"start":{"line":315,"column":88},"end":{"line":315,"column":89}}],"line":315},"8":{"loc":{"start":{"line":316,"column":12},"end":{"line":323,"column":13}},"type":"if","locations":[{"start":{"line":316,"column":12},"end":{"line":323,"column":13}},{"start":{"line":321,"column":17},"end":{"line":323,"column":13}}],"line":316}},"s":{"0":2,"1":2,"2":2,"3":1,"4":1,"5":1,"6":1,"7":1,"8":0,"9":2,"10":1,"11":1,"12":0,"13":1,"14":1,"15":0,"16":1,"17":1,"18":2,"19":1,"20":0,"21":2,"22":1,"23":1,"24":0,"25":1,"26":1,"27":1,"28":1,"29":1,"30":4,"31":1,"32":0,"33":2,"34":0,"35":0,"36":0,"37":0,"38":0,"39":0,"40":0,"41":0,"42":2,"43":1,"44":1,"45":0,"46":1,"47":1,"48":1,"49":1,"50":3,"51":3,"52":3,"53":1,"54":1,"55":1,"56":2,"57":1,"58":1,"59":1,"60":2,"61":2,"62":1,"63":1,"64":1,"65":1,"66":1,"67":1,"68":2,"69":1,"70":0},"f":{"0":2,"1":1,"2":1,"3":2,"4":1,"5":4,"6":0,"7":0,"8":1,"9":3,"10":2,"11":2},"b":{"0":[1,1],"1":[0,1],"2":[0,1],"3":[0,1],"4":[0,1],"5":[1,2],"6":[1,2],"7":[2,0],"8":[1,1]},"_coverageSchema":"1a1c01bbd47fc00a2c39e90264f33305004495a9","hash":"3c4f5763b3465bef7645d650b209194ee68b29c6"}
,"F:\\node_project\\chat-app\\src\\controllers\\user-controller.js": {"path":"F:\\node_project\\chat-app\\src\\controllers\\user-controller.js","statementMap":{"0":{"start":{"line":7,"column":28},"end":{"line":23,"column":1}},"1":{"start":{"line":8,"column":4},"end":{"line":22,"column":5}},"2":{"start":{"line":9,"column":47},"end":{"line":9,"column":55}},"3":{"start":{"line":10,"column":29},"end":{"line":10,"column":91}},"4":{"start":{"line":11,"column":8},"end":{"line":13,"column":9}},"5":{"start":{"line":12,"column":12},"end":{"line":12,"column":69}},"6":{"start":{"line":15,"column":29},"end":{"line":15,"column":60}},"7":{"start":{"line":17,"column":8},"end":{"line":17,"column":75}},"8":{"start":{"line":21,"column":8},"end":{"line":21,"column":58}},"9":{"start":{"line":27,"column":25},"end":{"line":55,"column":1}},"10":{"start":{"line":28,"column":4},"end":{"line":53,"column":5}},"11":{"start":{"line":29,"column":36},"end":{"line":29,"column":44}},"12":{"start":{"line":30,"column":8},"end":{"line":30,"column":26}},"13":{"start":{"line":32,"column":29},"end":{"line":32,"column":67}},"14":{"start":{"line":33,"column":8},"end":{"line":35,"column":9}},"15":{"start":{"line":34,"column":12},"end":{"line":34,"column":65}},"16":{"start":{"line":37,"column":8},"end":{"line":39,"column":9}},"17":{"start":{"line":38,"column":12},"end":{"line":38,"column":68}},"18":{"start":{"line":40,"column":26},"end":{"line":42,"column":10}},"19":{"start":{"line":43,"column":32},"end":{"line":47,"column":9}},"20":{"start":{"line":48,"column":8},"end":{"line":48,"column":86}},"21":{"start":{"line":52,"column":8},"end":{"line":52,"column":58}},"22":{"start":{"line":60,"column":26},"end":{"line":75,"column":1}},"23":{"start":{"line":61,"column":4},"end":{"line":74,"column":5}},"24":{"start":{"line":62,"column":27},"end":{"line":62,"column":36}},"25":{"start":{"line":63,"column":28},"end":{"line":65,"column":10}},"26":{"start":{"line":67,"column":8},"end":{"line":69,"column":9}},"27":{"start":{"line":68,"column":12},"end":{"line":68,"column":93}},"28":{"start":{"line":70,"column":8},"end":{"line":70,"column":84}},"29":{"start":{"line":73,"column":8},"end":{"line":73,"column":58}},"30":{"start":{"line":80,"column":26},"end":{"line":97,"column":1}},"31":{"start":{"line":81,"column":4},"end":{"line":96,"column":5}},"32":{"start":{"line":82,"column":27},"end":{"line":82,"column":36}},"33":{"start":{"line":83,"column":8},"end":{"line":85,"column":9}},"34":{"start":{"line":84,"column":12},"end":{"line":84,"column":79}},"35":{"start":{"line":86,"column":27},"end":{"line":86,"column":63}},"36":{"start":{"line":87,"column":8},"end":{"line":87,"column":31}},"37":{"start":{"line":88,"column":8},"end":{"line":90,"column":9}},"38":{"start":{"line":89,"column":12},"end":{"line":89,"column":93}},"39":{"start":{"line":91,"column":8},"end":{"line":91,"column":81}},"40":{"start":{"line":95,"column":8},"end":{"line":95,"column":58}}},"fnMap":{"0":{"name":"(anonymous_0)","decl":{"start":{"line":7,"column":28},"end":{"line":7,"column":29}},"loc":{"start":{"line":7,"column":48},"end":{"line":23,"column":1}},"line":7},"1":{"name":"(anonymous_1)","decl":{"start":{"line":27,"column":25},"end":{"line":27,"column":26}},"loc":{"start":{"line":27,"column":45},"end":{"line":55,"column":1}},"line":27},"2":{"name":"(anonymous_2)","decl":{"start":{"line":60,"column":26},"end":{"line":60,"column":27}},"loc":{"start":{"line":60,"column":46},"end":{"line":75,"column":1}},"line":60},"3":{"name":"(anonymous_3)","decl":{"start":{"line":80,"column":26},"end":{"line":80,"column":27}},"loc":{"start":{"line":80,"column":46},"end":{"line":97,"column":1}},"line":80}},"branchMap":{"0":{"loc":{"start":{"line":11,"column":8},"end":{"line":13,"column":9}},"type":"if","locations":[{"start":{"line":11,"column":8},"end":{"line":13,"column":9}},{"start":{},"end":{}}],"line":11},"1":{"loc":{"start":{"line":33,"column":8},"end":{"line":35,"column":9}},"type":"if","locations":[{"start":{"line":33,"column":8},"end":{"line":35,"column":9}},{"start":{},"end":{}}],"line":33},"2":{"loc":{"start":{"line":37,"column":8},"end":{"line":39,"column":9}},"type":"if","locations":[{"start":{"line":37,"column":8},"end":{"line":39,"column":9}},{"start":{},"end":{}}],"line":37},"3":{"loc":{"start":{"line":67,"column":8},"end":{"line":69,"column":9}},"type":"if","locations":[{"start":{"line":67,"column":8},"end":{"line":69,"column":9}},{"start":{},"end":{}}],"line":67},"4":{"loc":{"start":{"line":83,"column":8},"end":{"line":85,"column":9}},"type":"if","locations":[{"start":{"line":83,"column":8},"end":{"line":85,"column":9}},{"start":{},"end":{}}],"line":83},"5":{"loc":{"start":{"line":88,"column":8},"end":{"line":90,"column":9}},"type":"if","locations":[{"start":{"line":88,"column":8},"end":{"line":90,"column":9}},{"start":{},"end":{}}],"line":88}},"s":{"0":2,"1":2,"2":2,"3":2,"4":2,"5":1,"6":1,"7":1,"8":0,"9":2,"10":3,"11":3,"12":3,"13":3,"14":3,"15":1,"16":2,"17":1,"18":1,"19":1,"20":1,"21":0,"22":2,"23":2,"24":2,"25":2,"26":2,"27":1,"28":1,"29":0,"30":2,"31":2,"32":2,"33":2,"34":0,"35":2,"36":2,"37":2,"38":1,"39":1,"40":0},"f":{"0":2,"1":3,"2":2,"3":2},"b":{"0":[1,1],"1":[1,2],"2":[1,1],"3":[1,1],"4":[0,2],"5":[1,1]},"_coverageSchema":"1a1c01bbd47fc00a2c39e90264f33305004495a9","hash":"6bf10ed06041212e2656cb542cbb6627afde56ed"}
,"F:\\node_project\\chat-app\\src\\models\\group-message.model.js": {"path":"F:\\node_project\\chat-app\\src\\models\\group-message.model.js","statementMap":{"0":{"start":{"line":4,"column":27},"end":{"line":26,"column":1}}},"fnMap":{},"branchMap":{},"s":{"0":2},"f":{},"b":{},"_coverageSchema":"1a1c01bbd47fc00a2c39e90264f33305004495a9","hash":"aac1fb56775c3de223cc14a3b1463a8369b6e358"}
,"F:\\node_project\\chat-app\\src\\models\\group.model.js": {"path":"F:\\node_project\\chat-app\\src\\models\\group.model.js","statementMap":{"0":{"start":{"line":4,"column":20},"end":{"line":18,"column":1}}},"fnMap":{},"branchMap":{},"s":{"0":2},"f":{},"b":{},"_coverageSchema":"1a1c01bbd47fc00a2c39e90264f33305004495a9","hash":"cff447cb3458e38be2c7393feb47ab2e7ffeb5b7"}
,"F:\\node_project\\chat-app\\src\\models\\message.model.js": {"path":"F:\\node_project\\chat-app\\src\\models\\message.model.js","statementMap":{"0":{"start":{"line":4,"column":22},"end":{"line":29,"column":1}}},"fnMap":{},"branchMap":{},"s":{"0":2},"f":{},"b":{},"_coverageSchema":"1a1c01bbd47fc00a2c39e90264f33305004495a9","hash":"fd78fe2a87301649955f3a5fff7186568f749a99"}
,"F:\\node_project\\chat-app\\src\\models\\user.model.js": {"path":"F:\\node_project\\chat-app\\src\\models\\user.model.js","statementMap":{"0":{"start":{"line":4,"column":19},"end":{"line":24,"column":1}}},"fnMap":{},"branchMap":{},"s":{"0":2},"f":{},"b":{},"_coverageSchema":"1a1c01bbd47fc00a2c39e90264f33305004495a9","hash":"c115773d6c588e06e7f1a8177322f2fa79b3102b"}
,"F:\\node_project\\chat-app\\src\\routes\\group-route.js": {"path":"F:\\node_project\\chat-app\\src\\routes\\group-route.js","statementMap":{"0":{"start":{"line":6,"column":15},"end":{"line":6,"column":31}},"1":{"start":{"line":9,"column":0},"end":{"line":9,"column":104}},"2":{"start":{"line":14,"column":0},"end":{"line":14,"column":112}},"3":{"start":{"line":15,"column":0},"end":{"line":15,"column":124}},"4":{"start":{"line":18,"column":0},"end":{"line":18,"column":70}}},"fnMap":{},"branchMap":{},"s":{"0":2,"1":2,"2":2,"3":2,"4":2},"f":{},"b":{},"_coverageSchema":"1a1c01bbd47fc00a2c39e90264f33305004495a9","hash":"04fa8dac5a95a9106071130c8dab8d1fb515fe1c"}
,"F:\\node_project\\chat-app\\src\\routes\\message-route.js": {"path":"F:\\node_project\\chat-app\\src\\routes\\message-route.js","statementMap":{"0":{"start":{"line":5,"column":15},"end":{"line":5,"column":31}},"1":{"start":{"line":10,"column":0},"end":{"line":10,"column":81}},"2":{"start":{"line":11,"column":0},"end":{"line":11,"column":93}},"3":{"start":{"line":12,"column":0},"end":{"line":12,"column":90}},"4":{"start":{"line":13,"column":0},"end":{"line":13,"column":104}},"5":{"start":{"line":16,"column":0},"end":{"line":16,"column":132}}},"fnMap":{},"branchMap":{},"s":{"0":2,"1":2,"2":2,"3":2,"4":2,"5":2},"f":{},"b":{},"_coverageSchema":"1a1c01bbd47fc00a2c39e90264f33305004495a9","hash":"85aab0b4990e4db8a42c42c2ec4d390b0a912de5"}
,"F:\\node_project\\chat-app\\src\\routes\\user-route.js": {"path":"F:\\node_project\\chat-app\\src\\routes\\user-route.js","statementMap":{"0":{"start":{"line":6,"column":15},"end":{"line":6,"column":31}},"1":{"start":{"line":7,"column":0},"end":{"line":7,"column":26}},"2":{"start":{"line":10,"column":0},"end":{"line":10,"column":78}},"3":{"start":{"line":13,"column":0},"end":{"line":13,"column":73}},"4":{"start":{"line":16,"column":0},"end":{"line":16,"column":99}},"5":{"start":{"line":19,"column":0},"end":{"line":19,"column":100}}},"fnMap":{},"branchMap":{},"s":{"0":2,"1":2,"2":2,"3":2,"4":2,"5":2},"f":{},"b":{},"_coverageSchema":"1a1c01bbd47fc00a2c39e90264f33305004495a9","hash":"737f44936b4c056c539c4dd89141203e8b65aa3a"}
,"F:\\node_project\\chat-app\\src\\tests\\dbConfig\\mongod.dbConfig.js": {"path":"F:\\node_project\\chat-app\\src\\tests\\dbConfig\\mongod.dbConfig.js","statementMap":{"0":{"start":{"line":4,"column":13},"end":{"line":4,"column":22}},"1":{"start":{"line":5,"column":28},"end":{"line":14,"column":1}},"2":{"start":{"line":6,"column":4},"end":{"line":13,"column":5}},"3":{"start":{"line":7,"column":8},"end":{"line":7,"column":49}},"4":{"start":{"line":8,"column":20},"end":{"line":8,"column":35}},"5":{"start":{"line":9,"column":8},"end":{"line":9,"column":36}},"6":{"start":{"line":10,"column":8},"end":{"line":10,"column":42}},"7":{"start":{"line":12,"column":8},"end":{"line":12,"column":48}},"8":{"start":{"line":17,"column":28},"end":{"line":26,"column":1}},"9":{"start":{"line":18,"column":4},"end":{"line":25,"column":5}},"10":{"start":{"line":19,"column":8},"end":{"line":19,"column":48}},"11":{"start":{"line":20,"column":8},"end":{"line":20,"column":42}},"12":{"start":{"line":21,"column":8},"end":{"line":21,"column":28}},"13":{"start":{"line":22,"column":8},"end":{"line":22,"column":45}},"14":{"start":{"line":24,"column":8},"end":{"line":24,"column":53}}},"fnMap":{"0":{"name":"(anonymous_0)","decl":{"start":{"line":5,"column":28},"end":{"line":5,"column":29}},"loc":{"start":{"line":5,"column":40},"end":{"line":14,"column":1}},"line":5},"1":{"name":"(anonymous_1)","decl":{"start":{"line":17,"column":28},"end":{"line":17,"column":29}},"loc":{"start":{"line":17,"column":40},"end":{"line":26,"column":1}},"line":17}},"branchMap":{},"s":{"0":1,"1":1,"2":1,"3":1,"4":1,"5":1,"6":1,"7":0,"8":1,"9":1,"10":1,"11":1,"12":1,"13":1,"14":0},"f":{"0":1,"1":1},"b":{},"_coverageSchema":"1a1c01bbd47fc00a2c39e90264f33305004495a9","hash":"7578426284473d63422df27e863571163a193e55"}
,"F:\\node_project\\chat-app\\src\\tokens\\jwt-token.js": {"path":"F:\\node_project\\chat-app\\src\\tokens\\jwt-token.js","statementMap":{"0":{"start":{"line":4,"column":0},"end":{"line":4,"column":12}},"1":{"start":{"line":7,"column":29},"end":{"line":13,"column":1}},"2":{"start":{"line":8,"column":29},"end":{"line":11,"column":6}},"3":{"start":{"line":12,"column":4},"end":{"line":12,"column":27}},"4":{"start":{"line":16,"column":27},"end":{"line":23,"column":1}},"5":{"start":{"line":17,"column":18},"end":{"line":17,"column":59}},"6":{"start":{"line":18,"column":27},"end":{"line":18,"column":70}},"7":{"start":{"line":19,"column":4},"end":{"line":21,"column":5}},"8":{"start":{"line":20,"column":8},"end":{"line":20,"column":76}},"9":{"start":{"line":22,"column":4},"end":{"line":22,"column":10}}},"fnMap":{"0":{"name":"(anonymous_0)","decl":{"start":{"line":7,"column":29},"end":{"line":7,"column":30}},"loc":{"start":{"line":7,"column":45},"end":{"line":13,"column":1}},"line":7},"1":{"name":"(anonymous_1)","decl":{"start":{"line":16,"column":27},"end":{"line":16,"column":28}},"loc":{"start":{"line":16,"column":53},"end":{"line":23,"column":1}},"line":16}},"branchMap":{"0":{"loc":{"start":{"line":19,"column":4},"end":{"line":21,"column":5}},"type":"if","locations":[{"start":{"line":19,"column":4},"end":{"line":21,"column":5}},{"start":{},"end":{}}],"line":19}},"s":{"0":2,"1":2,"2":1,"3":1,"4":2,"5":11,"6":11,"7":11,"8":0,"9":11},"f":{"0":1,"1":11},"b":{"0":[0,11]},"_coverageSchema":"1a1c01bbd47fc00a2c39e90264f33305004495a9","hash":"40e7fe9782f94fb9b5e12c21d37f1bfe0eac2555"}
,"F:\\node_project\\chat-app\\src\\utils\\response-util.js": {"path":"F:\\node_project\\chat-app\\src\\utils\\response-util.js","statementMap":{"0":{"start":{"line":2,"column":25},"end":{"line":10,"column":1}},"1":{"start":{"line":3,"column":19},"end":{"line":8,"column":5}},"2":{"start":{"line":9,"column":4},"end":{"line":9,"column":42}},"3":{"start":{"line":13,"column":23},"end":{"line":20,"column":1}},"4":{"start":{"line":14,"column":19},"end":{"line":18,"column":5}},"5":{"start":{"line":19,"column":4},"end":{"line":19,"column":42}}},"fnMap":{"0":{"name":"(anonymous_0)","decl":{"start":{"line":2,"column":25},"end":{"line":2,"column":26}},"loc":{"start":{"line":2,"column":57},"end":{"line":10,"column":1}},"line":2},"1":{"name":"(anonymous_1)","decl":{"start":{"line":13,"column":23},"end":{"line":13,"column":24}},"loc":{"start":{"line":13,"column":50},"end":{"line":20,"column":1}},"line":13}},"branchMap":{},"s":{"0":2,"1":10,"2":10,"3":2,"4":7,"5":7},"f":{"0":10,"1":7},"b":{},"_coverageSchema":"1a1c01bbd47fc00a2c39e90264f33305004495a9","hash":"30540138c11b25e8766c66e8ee16f836594428cf"}
,"F:\\node_project\\chat-app\\src\\validations\\group-validation.js": {"path":"F:\\node_project\\chat-app\\src\\validations\\group-validation.js","statementMap":{"0":{"start":{"line":5,"column":37},"end":{"line":15,"column":1}},"1":{"start":{"line":6,"column":4},"end":{"line":8,"column":5}},"2":{"start":{"line":7,"column":8},"end":{"line":7,"column":60}},"3":{"start":{"line":9,"column":27},"end":{"line":9,"column":35}},"4":{"start":{"line":10,"column":26},"end":{"line":12,"column":6}},"5":{"start":{"line":13,"column":28},"end":{"line":13,"column":77}},"6":{"start":{"line":14,"column":4},"end":{"line":14,"column":10}},"7":{"start":{"line":18,"column":38},"end":{"line":35,"column":1}},"8":{"start":{"line":19,"column":4},"end":{"line":34,"column":5}},"9":{"start":{"line":20,"column":8},"end":{"line":22,"column":9}},"10":{"start":{"line":21,"column":12},"end":{"line":21,"column":62}},"11":{"start":{"line":23,"column":36},"end":{"line":23,"column":44}},"12":{"start":{"line":24,"column":32},"end":{"line":27,"column":36}},"13":{"start":{"line":29,"column":32},"end":{"line":29,"column":88}},"14":{"start":{"line":30,"column":8},"end":{"line":30,"column":14}},"15":{"start":{"line":33,"column":8},"end":{"line":33,"column":58}},"16":{"start":{"line":38,"column":41},"end":{"line":53,"column":1}},"17":{"start":{"line":39,"column":4},"end":{"line":41,"column":5}},"18":{"start":{"line":40,"column":8},"end":{"line":40,"column":71}},"19":{"start":{"line":42,"column":41},"end":{"line":42,"column":49}},"20":{"start":{"line":43,"column":28},"end":{"line":49,"column":33}},"21":{"start":{"line":51,"column":28},"end":{"line":51,"column":93}},"22":{"start":{"line":52,"column":4},"end":{"line":52,"column":10}}},"fnMap":{"0":{"name":"(anonymous_0)","decl":{"start":{"line":5,"column":37},"end":{"line":5,"column":38}},"loc":{"start":{"line":5,"column":63},"end":{"line":15,"column":1}},"line":5},"1":{"name":"(anonymous_1)","decl":{"start":{"line":18,"column":38},"end":{"line":18,"column":39}},"loc":{"start":{"line":18,"column":64},"end":{"line":35,"column":1}},"line":18},"2":{"name":"(anonymous_2)","decl":{"start":{"line":38,"column":41},"end":{"line":38,"column":42}},"loc":{"start":{"line":38,"column":62},"end":{"line":53,"column":1}},"line":38}},"branchMap":{"0":{"loc":{"start":{"line":6,"column":4},"end":{"line":8,"column":5}},"type":"if","locations":[{"start":{"line":6,"column":4},"end":{"line":8,"column":5}},{"start":{},"end":{}}],"line":6},"1":{"loc":{"start":{"line":20,"column":8},"end":{"line":22,"column":9}},"type":"if","locations":[{"start":{"line":20,"column":8},"end":{"line":22,"column":9}},{"start":{},"end":{}}],"line":20},"2":{"loc":{"start":{"line":39,"column":4},"end":{"line":41,"column":5}},"type":"if","locations":[{"start":{"line":39,"column":4},"end":{"line":41,"column":5}},{"start":{},"end":{}}],"line":39}},"s":{"0":2,"1":1,"2":0,"3":1,"4":1,"5":1,"6":1,"7":2,"8":0,"9":0,"10":0,"11":0,"12":0,"13":0,"14":0,"15":0,"16":2,"17":0,"18":0,"19":0,"20":0,"21":0,"22":0},"f":{"0":1,"1":0,"2":0},"b":{"0":[0,1],"1":[0,0],"2":[0,0]},"_coverageSchema":"1a1c01bbd47fc00a2c39e90264f33305004495a9","hash":"cdf39ed0292102df6533533f542a6843b438a972"}
,"F:\\node_project\\chat-app\\src\\validations\\message-validation.js": {"path":"F:\\node_project\\chat-app\\src\\validations\\message-validation.js","statementMap":{"0":{"start":{"line":5,"column":43},"end":{"line":23,"column":1}},"1":{"start":{"line":6,"column":4},"end":{"line":22,"column":5}},"2":{"start":{"line":7,"column":8},"end":{"line":9,"column":9}},"3":{"start":{"line":8,"column":12},"end":{"line":8,"column":62}},"4":{"start":{"line":11,"column":41},"end":{"line":11,"column":50}},"5":{"start":{"line":12,"column":26},"end":{"line":15,"column":40}},"6":{"start":{"line":17,"column":30},"end":{"line":17,"column":85}},"7":{"start":{"line":18,"column":8},"end":{"line":18,"column":14}},"8":{"start":{"line":21,"column":8},"end":{"line":21,"column":56}}},"fnMap":{"0":{"name":"(anonymous_0)","decl":{"start":{"line":5,"column":43},"end":{"line":5,"column":44}},"loc":{"start":{"line":5,"column":64},"end":{"line":23,"column":1}},"line":5}},"branchMap":{"0":{"loc":{"start":{"line":7,"column":8},"end":{"line":9,"column":9}},"type":"if","locations":[{"start":{"line":7,"column":8},"end":{"line":9,"column":9}},{"start":{},"end":{}}],"line":7}},"s":{"0":2,"1":0,"2":0,"3":0,"4":0,"5":0,"6":0,"7":0,"8":0},"f":{"0":0},"b":{"0":[0,0]},"_coverageSchema":"1a1c01bbd47fc00a2c39e90264f33305004495a9","hash":"286ec74a75d319110aafefaad4f9a4766791b711"}
,"F:\\node_project\\chat-app\\src\\validations\\user-validation.js": {"path":"F:\\node_project\\chat-app\\src\\validations\\user-validation.js","statementMap":{"0":{"start":{"line":5,"column":38},"end":{"line":24,"column":1}},"1":{"start":{"line":6,"column":4},"end":{"line":23,"column":5}},"2":{"start":{"line":7,"column":8},"end":{"line":9,"column":9}},"3":{"start":{"line":8,"column":12},"end":{"line":8,"column":79}},"4":{"start":{"line":10,"column":21},"end":{"line":10,"column":29}},"5":{"start":{"line":11,"column":35},"end":{"line":15,"column":37}},"6":{"start":{"line":17,"column":32},"end":{"line":17,"column":76}},"7":{"start":{"line":18,"column":8},"end":{"line":18,"column":14}},"8":{"start":{"line":22,"column":8},"end":{"line":22,"column":58}},"9":{"start":{"line":27,"column":35},"end":{"line":44,"column":1}},"10":{"start":{"line":28,"column":4},"end":{"line":43,"column":5}},"11":{"start":{"line":29,"column":8},"end":{"line":31,"column":9}},"12":{"start":{"line":30,"column":12},"end":{"line":30,"column":92}},"13":{"start":{"line":32,"column":36},"end":{"line":32,"column":44}},"14":{"start":{"line":33,"column":36},"end":{"line":36,"column":36}},"15":{"start":{"line":38,"column":32},"end":{"line":38,"column":92}},"16":{"start":{"line":39,"column":8},"end":{"line":39,"column":14}},"17":{"start":{"line":42,"column":8},"end":{"line":42,"column":58}},"18":{"start":{"line":47,"column":36},"end":{"line":71,"column":1}},"19":{"start":{"line":48,"column":4},"end":{"line":70,"column":5}},"20":{"start":{"line":49,"column":27},"end":{"line":49,"column":36}},"21":{"start":{"line":50,"column":8},"end":{"line":52,"column":9}},"22":{"start":{"line":51,"column":12},"end":{"line":51,"column":79}},"23":{"start":{"line":54,"column":8},"end":{"line":56,"column":9}},"24":{"start":{"line":55,"column":12},"end":{"line":55,"column":81}},"25":{"start":{"line":57,"column":21},"end":{"line":57,"column":29}},"26":{"start":{"line":58,"column":37},"end":{"line":63,"column":10}},"27":{"start":{"line":65,"column":32},"end":{"line":65,"column":90}},"28":{"start":{"line":66,"column":8},"end":{"line":66,"column":14}},"29":{"start":{"line":69,"column":8},"end":{"line":69,"column":58}},"30":{"start":{"line":74,"column":36},"end":{"line":89,"column":1}},"31":{"start":{"line":75,"column":4},"end":{"line":88,"column":5}},"32":{"start":{"line":76,"column":8},"end":{"line":78,"column":9}},"33":{"start":{"line":77,"column":12},"end":{"line":77,"column":81}},"34":{"start":{"line":79,"column":27},"end":{"line":79,"column":36}},"35":{"start":{"line":80,"column":37},"end":{"line":82,"column":10}},"36":{"start":{"line":83,"column":32},"end":{"line":83,"column":84}},"37":{"start":{"line":84,"column":8},"end":{"line":84,"column":14}},"38":{"start":{"line":87,"column":8},"end":{"line":87,"column":58}}},"fnMap":{"0":{"name":"(anonymous_0)","decl":{"start":{"line":5,"column":38},"end":{"line":5,"column":39}},"loc":{"start":{"line":5,"column":64},"end":{"line":24,"column":1}},"line":5},"1":{"name":"(anonymous_1)","decl":{"start":{"line":27,"column":35},"end":{"line":27,"column":36}},"loc":{"start":{"line":27,"column":61},"end":{"line":44,"column":1}},"line":27},"2":{"name":"(anonymous_2)","decl":{"start":{"line":47,"column":36},"end":{"line":47,"column":37}},"loc":{"start":{"line":47,"column":62},"end":{"line":71,"column":1}},"line":47},"3":{"name":"(anonymous_3)","decl":{"start":{"line":74,"column":36},"end":{"line":74,"column":37}},"loc":{"start":{"line":74,"column":62},"end":{"line":89,"column":1}},"line":74}},"branchMap":{"0":{"loc":{"start":{"line":7,"column":8},"end":{"line":9,"column":9}},"type":"if","locations":[{"start":{"line":7,"column":8},"end":{"line":9,"column":9}},{"start":{},"end":{}}],"line":7},"1":{"loc":{"start":{"line":29,"column":8},"end":{"line":31,"column":9}},"type":"if","locations":[{"start":{"line":29,"column":8},"end":{"line":31,"column":9}},{"start":{},"end":{}}],"line":29},"2":{"loc":{"start":{"line":50,"column":8},"end":{"line":52,"column":9}},"type":"if","locations":[{"start":{"line":50,"column":8},"end":{"line":52,"column":9}},{"start":{},"end":{}}],"line":50},"3":{"loc":{"start":{"line":54,"column":8},"end":{"line":56,"column":9}},"type":"if","locations":[{"start":{"line":54,"column":8},"end":{"line":56,"column":9}},{"start":{},"end":{}}],"line":54},"4":{"loc":{"start":{"line":76,"column":8},"end":{"line":78,"column":9}},"type":"if","locations":[{"start":{"line":76,"column":8},"end":{"line":78,"column":9}},{"start":{},"end":{}}],"line":76}},"s":{"0":2,"1":3,"2":3,"3":1,"4":2,"5":2,"6":2,"7":2,"8":0,"9":2,"10":3,"11":3,"12":0,"13":3,"14":3,"15":3,"16":3,"17":0,"18":2,"19":2,"20":2,"21":2,"22":0,"23":2,"24":0,"25":2,"26":2,"27":2,"28":2,"29":0,"30":2,"31":2,"32":2,"33":0,"34":2,"35":2,"36":2,"37":2,"38":0},"f":{"0":3,"1":3,"2":2,"3":2},"b":{"0":[1,2],"1":[0,3],"2":[0,2],"3":[0,2],"4":[0,2]},"_coverageSchema":"1a1c01bbd47fc00a2c39e90264f33305004495a9","hash":"f66fc49392bedf30bdae06541b85a8841cbdd8c3"}
}
