TN:
SF:src\index.js
FNF:0
FNH:0
DA:8,2
DA:9,2
DA:11,2
DA:13,2
DA:14,2
DA:15,2
DA:16,2
LF:7
LH:7
BRF:0
BRH:0
end_of_record
TN:
SF:src\config\dbConfig.js
FN:6,(anonymous_0)
FN:9,(anonymous_1)
FN:10,(anonymous_2)
FNF:3
FNH:1
FNDA:2,(anonymous_0)
FNDA:0,(anonymous_1)
FNDA:0,(anonymous_2)
DA:3,2
DA:6,2
DA:7,2
DA:8,0
DA:9,0
DA:10,0
LF:6
LH:3
BRDA:7,0,0,0
BRDA:7,0,1,2
BRF:2
BRH:1
end_of_record
TN:
SF:src\controllers\group-controller.js
FN:7,(anonymous_0)
FN:16,(anonymous_1)
FN:34,(anonymous_2)
FN:59,(anonymous_3)
FN:83,(anonymous_4)
FNF:5
FNH:2
FNDA:0,(anonymous_0)
FNDA:1,(anonymous_1)
FNDA:0,(anonymous_2)
FNDA:0,(anonymous_3)
FNDA:1,(anonymous_4)
DA:7,2
DA:8,0
DA:9,0
DA:10,0
DA:16,2
DA:17,1
DA:18,1
DA:19,1
DA:20,0
DA:22,1
DA:23,1
DA:24,1
DA:27,0
DA:34,2
DA:35,0
DA:36,0
DA:37,0
DA:41,0
DA:42,0
DA:44,0
DA:49,0
DA:52,0
DA:59,2
DA:60,0
DA:61,0
DA:62,0
DA:63,0
DA:64,0
DA:66,0
DA:73,0
DA:76,0
DA:83,2
DA:84,1
DA:85,1
DA:86,1
DA:87,0
DA:89,1
DA:90,1
DA:91,1
DA:92,0
DA:94,1
DA:97,0
LF:42
LH:18
BRDA:19,0,0,0
BRDA:19,0,1,1
BRDA:41,1,0,0
BRDA:41,1,1,0
BRDA:63,2,0,0
BRDA:63,2,1,0
BRDA:86,3,0,0
BRDA:86,3,1,1
BRDA:91,4,0,0
BRDA:91,4,1,1
BRF:10
BRH:3
end_of_record
TN:
SF:src\controllers\message-controller.js
FN:9,(anonymous_0)
FN:45,(anonymous_1)
FN:61,(anonymous_2)
FN:61,(anonymous_3)
FN:73,(anonymous_4)
FN:210,(anonymous_5)
FN:226,(anonymous_6)
FN:250,(anonymous_7)
FN:266,(anonymous_8)
FN:283,(anonymous_9)
FN:314,(anonymous_10)
FN:328,(anonymous_11)
FNF:12
FNH:10
FNDA:2,(anonymous_0)
FNDA:1,(anonymous_1)
FNDA:1,(anonymous_2)
FNDA:2,(anonymous_3)
FNDA:1,(anonymous_4)
FNDA:4,(anonymous_5)
FNDA:0,(anonymous_6)
FNDA:0,(anonymous_7)
FNDA:1,(anonymous_8)
FNDA:3,(anonymous_9)
FNDA:2,(anonymous_10)
FNDA:2,(anonymous_11)
DA:9,2
DA:10,2
DA:12,2
DA:13,1
DA:15,1
DA:17,1
DA:34,1
DA:35,1
DA:38,0
DA:45,2
DA:46,1
DA:48,1
DA:49,0
DA:52,1
DA:55,1
DA:56,0
DA:58,1
DA:61,2
DA:63,1
DA:66,0
DA:73,2
DA:74,1
DA:76,1
DA:77,0
DA:79,1
DA:80,1
DA:149,1
DA:209,1
DA:210,1
DA:211,4
DA:214,1
DA:218,0
DA:226,2
DA:228,0
DA:230,0
DA:232,0
DA:250,0
DA:251,0
DA:252,0
DA:255,0
DA:259,0
DA:266,2
DA:267,1
DA:269,1
DA:270,0
DA:272,1
DA:273,1
DA:281,1
DA:283,1
DA:284,3
DA:285,3
DA:286,3
DA:287,1
DA:288,1
DA:289,1
DA:293,2
DA:299,1
DA:313,1
DA:314,1
DA:315,2
DA:316,2
DA:317,1
DA:318,1
DA:319,1
DA:322,1
DA:327,1
DA:328,1
DA:329,2
DA:331,1
DA:334,0
LF:70
LH:54
BRDA:12,0,0,1
BRDA:12,0,1,1
BRDA:48,1,0,0
BRDA:48,1,1,1
BRDA:55,2,0,0
BRDA:55,2,1,1
BRDA:76,3,0,0
BRDA:76,3,1,1
BRDA:269,4,0,0
BRDA:269,4,1,1
BRDA:285,5,0,1
BRDA:285,5,1,2
BRDA:286,6,0,1
BRDA:286,6,1,2
BRDA:315,7,0,2
BRDA:315,7,1,0
BRDA:316,8,0,1
BRDA:316,8,1,1
BRF:18
BRH:13
end_of_record
TN:
SF:src\controllers\user-controller.js
FN:7,(anonymous_0)
FN:27,(anonymous_1)
FN:60,(anonymous_2)
FN:80,(anonymous_3)
FNF:4
FNH:4
FNDA:2,(anonymous_0)
FNDA:3,(anonymous_1)
FNDA:2,(anonymous_2)
FNDA:2,(anonymous_3)
DA:7,2
DA:8,2
DA:9,2
DA:10,2
DA:11,2
DA:12,1
DA:15,1
DA:17,1
DA:21,0
DA:27,2
DA:28,3
DA:29,3
DA:30,3
DA:32,3
DA:33,3
DA:34,1
DA:37,2
DA:38,1
DA:40,1
DA:43,1
DA:48,1
DA:52,0
DA:60,2
DA:61,2
DA:62,2
DA:63,2
DA:67,2
DA:68,1
DA:70,1
DA:73,0
DA:80,2
DA:81,2
DA:82,2
DA:83,2
DA:84,0
DA:86,2
DA:87,2
DA:88,2
DA:89,1
DA:91,1
DA:95,0
LF:41
LH:36
BRDA:11,0,0,1
BRDA:11,0,1,1
BRDA:33,1,0,1
BRDA:33,1,1,2
BRDA:37,2,0,1
BRDA:37,2,1,1
BRDA:67,3,0,1
BRDA:67,3,1,1
BRDA:83,4,0,0
BRDA:83,4,1,2
BRDA:88,5,0,1
BRDA:88,5,1,1
BRF:12
BRH:11
end_of_record
TN:
SF:src\models\group-message.model.js
FNF:0
FNH:0
DA:4,2
LF:1
LH:1
BRF:0
BRH:0
end_of_record
TN:
SF:src\models\group.model.js
FNF:0
FNH:0
DA:4,2
LF:1
LH:1
BRF:0
BRH:0
end_of_record
TN:
SF:src\models\message.model.js
FNF:0
FNH:0
DA:4,2
LF:1
LH:1
BRF:0
BRH:0
end_of_record
TN:
SF:src\models\user.model.js
FNF:0
FNH:0
DA:4,2
LF:1
LH:1
BRF:0
BRH:0
end_of_record
TN:
SF:src\routes\group-route.js
FNF:0
FNH:0
DA:6,2
DA:9,2
DA:14,2
DA:15,2
DA:18,2
LF:5
LH:5
BRF:0
BRH:0
end_of_record
TN:
SF:src\routes\message-route.js
FNF:0
FNH:0
DA:5,2
DA:10,2
DA:11,2
DA:12,2
DA:13,2
DA:16,2
LF:6
LH:6
BRF:0
BRH:0
end_of_record
TN:
SF:src\routes\user-route.js
FNF:0
FNH:0
DA:6,2
DA:7,2
DA:10,2
DA:13,2
DA:16,2
DA:19,2
LF:6
LH:6
BRF:0
BRH:0
end_of_record
TN:
SF:src\tests\dbConfig\mongod.dbConfig.js
FN:5,(anonymous_0)
FN:17,(anonymous_1)
FNF:2
FNH:2
FNDA:1,(anonymous_0)
FNDA:1,(anonymous_1)
DA:4,1
DA:5,1
DA:6,1
DA:7,1
DA:8,1
DA:9,1
DA:10,1
DA:12,0
DA:17,1
DA:18,1
DA:19,1
DA:20,1
DA:21,1
DA:22,1
DA:24,0
LF:15
LH:13
BRF:0
BRH:0
end_of_record
TN:
SF:src\tokens\jwt-token.js
FN:7,(anonymous_0)
FN:16,(anonymous_1)
FNF:2
FNH:2
FNDA:1,(anonymous_0)
FNDA:11,(anonymous_1)
DA:4,2
DA:7,2
DA:8,1
DA:12,1
DA:16,2
DA:17,11
DA:18,11
DA:19,11
DA:20,0
DA:22,11
LF:10
LH:9
BRDA:19,0,0,0
BRDA:19,0,1,11
BRF:2
BRH:1
end_of_record
TN:
SF:src\utils\response-util.js
FN:2,(anonymous_0)
FN:13,(anonymous_1)
FNF:2
FNH:2
FNDA:10,(anonymous_0)
FNDA:7,(anonymous_1)
DA:2,2
DA:3,10
DA:9,10
DA:13,2
DA:14,7
DA:19,7
LF:6
LH:6
BRF:0
BRH:0
end_of_record
TN:
SF:src\validations\group-validation.js
FN:5,(anonymous_0)
FN:18,(anonymous_1)
FN:38,(anonymous_2)
FNF:3
FNH:1
FNDA:1,(anonymous_0)
FNDA:0,(anonymous_1)
FNDA:0,(anonymous_2)
DA:5,2
DA:6,1
DA:7,0
DA:9,1
DA:10,1
DA:13,1
DA:14,1
DA:18,2
DA:19,0
DA:20,0
DA:21,0
DA:23,0
DA:24,0
DA:29,0
DA:30,0
DA:33,0
DA:38,2
DA:39,0
DA:40,0
DA:42,0
DA:43,0
DA:51,0
DA:52,0
LF:23
LH:8
BRDA:6,0,0,0
BRDA:6,0,1,1
BRDA:20,1,0,0
BRDA:20,1,1,0
BRDA:39,2,0,0
BRDA:39,2,1,0
BRF:6
BRH:1
end_of_record
TN:
SF:src\validations\message-validation.js
FN:5,(anonymous_0)
FNF:1
FNH:0
FNDA:0,(anonymous_0)
DA:5,2
DA:6,0
DA:7,0
DA:8,0
DA:11,0
DA:12,0
DA:17,0
DA:18,0
DA:21,0
LF:9
LH:1
BRDA:7,0,0,0
BRDA:7,0,1,0
BRF:2
BRH:0
end_of_record
TN:
SF:src\validations\user-validation.js
FN:5,(anonymous_0)
FN:27,(anonymous_1)
FN:47,(anonymous_2)
FN:74,(anonymous_3)
FNF:4
FNH:4
FNDA:3,(anonymous_0)
FNDA:3,(anonymous_1)
FNDA:2,(anonymous_2)
FNDA:2,(anonymous_3)
DA:5,2
DA:6,3
DA:7,3
DA:8,1
DA:10,2
DA:11,2
DA:17,2
DA:18,2
DA:22,0
DA:27,2
DA:28,3
DA:29,3
DA:30,0
DA:32,3
DA:33,3
DA:38,3
DA:39,3
DA:42,0
DA:47,2
DA:48,2
DA:49,2
DA:50,2
DA:51,0
DA:54,2
DA:55,0
DA:57,2
DA:58,2
DA:65,2
DA:66,2
DA:69,0
DA:74,2
DA:75,2
DA:76,2
DA:77,0
DA:79,2
DA:80,2
DA:83,2
DA:84,2
DA:87,0
LF:39
LH:31
BRDA:7,0,0,1
BRDA:7,0,1,2
BRDA:29,1,0,0
BRDA:29,1,1,3
BRDA:50,2,0,0
BRDA:50,2,1,2
BRDA:54,3,0,0
BRDA:54,3,1,2
BRDA:76,4,0,0
BRDA:76,4,1,2
BRF:10
BRH:6
end_of_record
